<?xml version="1.0" encoding="UTF-8"?>
<testng-results skipped="0" failed="0" ignored="0" total="2" passed="2">
  <reporter-output>
  </reporter-output>
  <suite name="Default suite" duration-ms="100" started-at="2021-01-09T23:12:43Z" finished-at="2021-01-09T23:12:43Z">
    <groups>
    </groups>
    <test name="Default test" duration-ms="100" started-at="2021-01-09T23:12:43Z" finished-at="2021-01-09T23:12:43Z">
      <class name="Maven1.Annotations.Beforeclass">
        <test-method status="PASS" signature="test1()[pri:0, instance:Maven1.Annotations.Beforeclass@6d8a00e3]" name="test1" is-config="true" duration-ms="37" started-at="2021-01-09T18:12:43Z" finished-at="2021-01-09T18:12:43Z">
          <reporter-output>
          </reporter-output>
        </test-method> <!-- test1 -->
        <test-method status="PASS" signature="launchbrowser()[pri:1, instance:Maven1.Annotations.Beforeclass@6d8a00e3]" name="launchbrowser" duration-ms="7" started-at="2021-01-09T18:12:43Z" finished-at="2021-01-09T18:12:43Z">
          <reporter-output>
          </reporter-output>
        </test-method> <!-- launchbrowser -->
        <test-method status="PASS" signature="gmail2()[pri:2, instance:Maven1.Annotations.Beforeclass@6d8a00e3]" name="gmail2" duration-ms="1" started-at="2021-01-09T18:12:43Z" finished-at="2021-01-09T18:12:43Z">
          <reporter-output>
          </reporter-output>
        </test-method> <!-- gmail2 -->
        <test-method status="PASS" signature="test2()[pri:0, instance:Maven1.Annotations.Beforeclass@6d8a00e3]" name="test2" is-config="true" duration-ms="0" started-at="2021-01-09T18:12:43Z" finished-at="2021-01-09T18:12:43Z">
          <reporter-output>
          </reporter-output>
        </test-method> <!-- test2 -->
      </class> <!-- Maven1.Annotations.Beforeclass -->
    </test> <!-- Default test -->
  </suite> <!-- Default suite -->
</testng-results>
